This is pdfTeX, Version 3.14159265-2.6-1.40.18 (TeX Live 2017/Debian) (preloaded format=latex 2021.4.30)  22 JAN 2022 12:33
entering extended mode
 restricted \write18 enabled.
 %&-line parsing enabled.
**./images.tex
(./images.tex
LaTeX2e <2017-04-15>
Babel <3.18> and hyphenation patterns for 38 language(s) loaded.

(/usr/share/texlive/texmf-dist/tex/latex/base/article.cls
Document Class: article 2014/09/29 v1.4h Standard LaTeX document class
(/usr/share/texlive/texmf-dist/tex/latex/base/size10.clo
File: size10.clo 2014/09/29 v1.4h Standard LaTeX file (size option)
)
\c@part=\count79
\c@section=\count80
\c@subsection=\count81
\c@subsubsection=\count82
\c@paragraph=\count83
\c@subparagraph=\count84
\c@figure=\count85
\c@table=\count86
\abovecaptionskip=\skip41
\belowcaptionskip=\skip42
\bibindent=\dimen102
) (/usr/share/texlive/texmf-dist/tex/latex/base/ifthen.sty
Package: ifthen 2014/09/29 v1.1c Standard LaTeX ifthen package (DPC)
) (/usr/share/texmf/tex/latex/html/html.sty
Package: html 1999/07/19 v1.38 hypertext commands for latex2html (nd, hws, rrm)

\c@lpart=\count87
\c@lchapter=\count88
\c@chapter=\count89
\c@lsection=\count90
\c@lsubsection=\count91
\c@lsubsubsection=\count92
\c@lparagraph=\count93
\c@lsubparagraph=\count94
\c@lsubsubparagraph=\count95
\ptrfile=\write3
) (/usr/share/texlive/texmf-dist/tex/latex/base/makeidx.sty
Package: makeidx 2014/09/29 v1.0m Standard LaTeX package
) (/usr/share/texlive/texmf-dist/tex/generic/epsf/epsf.sty
This is `epsf.tex' v2.7.4 <14 February 2011>
\epsffilein=\read1
\epsfframemargin=\dimen103
\epsfframethickness=\dimen104
\epsfrsize=\dimen105
\epsftmp=\dimen106
\epsftsize=\dimen107
\epsfxsize=\dimen108
\epsfysize=\dimen109
\pspoints=\dimen110
) (/usr/share/texlive/texmf-dist/tex/latex/graphics/graphicx.sty
Package: graphicx 2017/06/01 v1.1a Enhanced LaTeX Graphics (DPC,SPQR)
(/usr/share/texlive/texmf-dist/tex/latex/graphics/keyval.sty
Package: keyval 2014/10/28 v1.15 key=value parser (DPC)
\KV@toks@=\toks14
) (/usr/share/texlive/texmf-dist/tex/latex/graphics/graphics.sty
Package: graphics 2017/06/25 v1.2c Standard LaTeX Graphics (DPC,SPQR)
(/usr/share/texlive/texmf-dist/tex/latex/graphics/trig.sty
Package: trig 2016/01/03 v1.10 sin cos tan (DPC)
) (/usr/share/texlive/texmf-dist/tex/latex/graphics-cfg/graphics.cfg
File: graphics.cfg 2016/06/04 v1.11 sample graphics configuration
)
Package graphics Info: Driver file: dvips.def on input line 99.
(/usr/share/texlive/texmf-dist/tex/latex/graphics-def/dvips.def
File: dvips.def 2017/06/20 v3.1d Graphics/color driver for dvips
))
\Gin@req@height=\dimen111
\Gin@req@width=\dimen112
) (/usr/share/texlive/texmf-dist/tex/latex/amsfonts/amssymb.sty
Package: amssymb 2013/01/14 v3.01 AMS font symbols
(/usr/share/texlive/texmf-dist/tex/latex/amsfonts/amsfonts.sty
Package: amsfonts 2013/01/14 v3.01 Basic AMSFonts support
\@emptytoks=\toks15
\symAMSa=\mathgroup4
\symAMSb=\mathgroup5
LaTeX Font Info:    Overwriting math alphabet `\mathfrak' in version `bold'
(Font)                  U/euf/m/n --> U/euf/b/n on input line 106.
)) (/usr/share/texlive/texmf-dist/tex/latex/amsmath/amsmath.sty
Package: amsmath 2017/09/02 v2.17a AMS math features
\@mathmargin=\skip43
For additional information on amsmath, use the `?' option.
(/usr/share/texlive/texmf-dist/tex/latex/amsmath/amstext.sty
Package: amstext 2000/06/29 v2.01 AMS text
(/usr/share/texlive/texmf-dist/tex/latex/amsmath/amsgen.sty
File: amsgen.sty 1999/11/30 v2.0 generic functions
\@emptytoks=\toks16
\ex@=\dimen113
)) (/usr/share/texlive/texmf-dist/tex/latex/amsmath/amsbsy.sty
Package: amsbsy 1999/11/29 v1.2d Bold Symbols
\pmbraise@=\dimen114
) (/usr/share/texlive/texmf-dist/tex/latex/amsmath/amsopn.sty
Package: amsopn 2016/03/08 v2.02 operator names
)
\inf@bad=\count96
LaTeX Info: Redefining \frac on input line 213.
\uproot@=\count97
\leftroot@=\count98
LaTeX Info: Redefining \overline on input line 375.
\classnum@=\count99
\DOTSCASE@=\count100
LaTeX Info: Redefining \ldots on input line 472.
LaTeX Info: Redefining \dots on input line 475.
LaTeX Info: Redefining \cdots on input line 596.
\Mathstrutbox@=\box26
\strutbox@=\box27
\big@size=\dimen115
LaTeX Font Info:    Redeclaring font encoding OML on input line 712.
LaTeX Font Info:    Redeclaring font encoding OMS on input line 713.
\macc@depth=\count101
\c@MaxMatrixCols=\count102
\dotsspace@=\muskip10
\c@parentequation=\count103
\dspbrk@lvl=\count104
\tag@help=\toks17
\row@=\count105
\column@=\count106
\maxfields@=\count107
\andhelp@=\toks18
\eqnshift@=\dimen116
\alignsep@=\dimen117
\tagshift@=\dimen118
\tagwidth@=\dimen119
\totwidth@=\dimen120
\lineht@=\dimen121
\@envbody=\toks19
\multlinegap=\skip44
\multlinetaggap=\skip45
\mathdisplay@stack=\toks20
LaTeX Info: Redefining \[ on input line 2817.
LaTeX Info: Redefining \] on input line 2818.
) (/usr/share/texlive/texmf-dist/tex/latex/mathtools/empheq.sty
Package: empheq 2017/03/31 v2.15 Emphasizing equations
(/usr/share/texlive/texmf-dist/tex/latex/mathtools/mhsetup.sty
Package: mhsetup 2017/03/31 v1.3 programming setup (MH)
) (/usr/share/texlive/texmf-dist/tex/latex/mathtools/mathtools.sty
Package: mathtools 2018/01/08 v1.21 mathematical typesetting tools
(/usr/share/texlive/texmf-dist/tex/latex/tools/calc.sty
Package: calc 2014/10/28 v4.3 Infix arithmetic (KKT,FJ)
\calc@Acount=\count108
\calc@Bcount=\count109
\calc@Adimen=\dimen122
\calc@Bdimen=\dimen123
\calc@Askip=\skip46
\calc@Bskip=\skip47
LaTeX Info: Redefining \setlength on input line 80.
LaTeX Info: Redefining \addtolength on input line 81.
\calc@Ccount=\count110
\calc@Cskip=\skip48
)
LaTeX Info: Thecontrolsequence`\('isalreadyrobust on input line 129.
LaTeX Info: Thecontrolsequence`\)'isalreadyrobust on input line 129.
LaTeX Info: Thecontrolsequence`\['isalreadyrobust on input line 129.
LaTeX Info: Thecontrolsequence`\]'isalreadyrobust on input line 129.
\g_MT_multlinerow_int=\count111
\l_MT_multwidth_dim=\dimen124
\origjot=\skip49
\l_MT_shortvdotswithinadjustabove_dim=\dimen125
\l_MT_shortvdotswithinadjustbelow_dim=\dimen126
\l_MT_above_intertext_sep=\dimen127
\l_MT_below_intertext_sep=\dimen128
\l_MT_above_shortintertext_sep=\dimen129
\l_MT_below_shortintertext_sep=\dimen130
)
\l_EQ_equationtype_int=\count112
\l_EQ_alignmentmode_int=\count113
\l_EQ_totalwidth_dim=\dimen131
\l_EQ_displaywidth_dim=\dimen132
\l_EQ_temp_linewidth_dim=\dimen133
\EmphEqdelimitershortfall=\dimen134
\EmphEqdelimiterfactor=\count114
\g_EQ_toptag_height_dim=\dimen135
\g_EQ_bottomtag_depth_dim=\dimen136
\g_EQ_toprow_height_dim=\dimen137
\g_EQ_bottomrow_depth_dim=\dimen138
\g_EQ_widesttag_dim=\dimen139
\EQ_mathdisplay_box=\box28
\EQ_tag_box=\box29
\g_EQ_temprow_int=\count115
)
\@indexfile=\write4
\openout4 = `images.idx'.

Writing index file images.idx
(/usr/share/texlive/texmf-dist/tex/latex/xcolor/xcolor.sty
Package: xcolor 2016/05/11 v2.12 LaTeX color extensions (UK)
(/usr/share/texlive/texmf-dist/tex/latex/graphics-cfg/color.cfg
File: color.cfg 2016/01/02 v1.6 sample color configuration
)
Package xcolor Info: Driver file: dvips.def on input line 225.
Package xcolor Info: Model `cmy' substituted by `cmy0' on input line 1348.
Package xcolor Info: Model `RGB' extended on input line 1364.
Package xcolor Info: Model `HTML' substituted by `rgb' on input line 1366.
Package xcolor Info: Model `Hsb' substituted by `hsb' on input line 1367.
Package xcolor Info: Model `tHsb' substituted by `hsb' on input line 1368.
Package xcolor Info: Model `HSB' substituted by `hsb' on input line 1369.
Package xcolor Info: Model `Gray' substituted by `gray' on input line 1370.
Package xcolor Info: Model `wave' substituted by `hsb' on input line 1371.
) (/usr/share/texlive/texmf-dist/tex/latex/base/inputenc.sty
Package: inputenc 2015/03/17 v1.2c Input encoding file
\inpenc@prehook=\toks21
\inpenc@posthook=\toks22
)
\sizebox=\box30
\lthtmlwrite=\write5
(./images.aux)
\openout1 = `images.aux'.

LaTeX Font Info:    Checking defaults for OML/cmm/m/it on input line 140.
LaTeX Font Info:    ... okay on input line 140.
LaTeX Font Info:    Checking defaults for T1/cmr/m/n on input line 140.
LaTeX Font Info:    ... okay on input line 140.
LaTeX Font Info:    Checking defaults for OT1/cmr/m/n on input line 140.
LaTeX Font Info:    ... okay on input line 140.
LaTeX Font Info:    Checking defaults for OMS/cmsy/m/n on input line 140.
LaTeX Font Info:    ... okay on input line 140.
LaTeX Font Info:    Checking defaults for OMX/cmex/m/n on input line 140.
LaTeX Font Info:    ... okay on input line 140.
LaTeX Font Info:    Checking defaults for U/cmr/m/n on input line 140.
LaTeX Font Info:    ... okay on input line 140.
\Hy@linkcounter=\count116
LaTeX Info: Redefining \[ on input line 140.
LaTeX Info: Redefining \] on input line 140.

latex2htmlLength hsize=349.0pt

latex2htmlLength vsize=633.0pt

latex2htmlLength hoffset=0.0pt

latex2htmlLength voffset=0.0pt

latex2htmlLength topmargin=0.0pt

latex2htmlLength topskip=0.00003pt

latex2htmlLength headheight=0.0pt

latex2htmlLength headsep=0.0pt

latex2htmlLength parskip=0.0pt plus 1.0pt

latex2htmlLength oddsidemargin=62.0pt

latex2htmlLength evensidemargin=62.0pt

LaTeX Font Info:    Try loading font information for U+msa on input line 165.
(/usr/share/texlive/texmf-dist/tex/latex/amsfonts/umsa.fd
File: umsa.fd 2013/01/14 v3.01 AMS symbols A
)
LaTeX Font Info:    Try loading font information for U+msb on input line 165.
(/usr/share/texlive/texmf-dist/tex/latex/amsfonts/umsb.fd
File: umsb.fd 2013/01/14 v3.01 AMS symbols B
)
Missing character: There is no â in font cmr10!
Missing character: There is no € in font cmr10!
Missing character: There is no “ in font cmr10!
Missing character: There is no â in font cmr10!
Missing character: There is no € in font cmr10!
Missing character: There is no “ in font cmr10!
Missing character: There is no â in font cmr10!
Missing character: There is no € in font cmr10!
Missing character: There is no “ in font cmr10!
Missing character: There is no â in font cmr10!
Missing character: There is no € in font cmr10!
Missing character: There is no “ in font cmr10!
Missing character: There is no â in font cmr10!
Missing character: There is no € in font cmr10!
Missing character: There is no “ in font cmr10!
Missing character: There is no â in font cmr10!
Missing character: There is no € in font cmr10!
Missing character: There is no “ in font cmr10!
Missing character: There is no â in font cmr10!
Missing character: There is no € in font cmr10!
Missing character: There is no “ in font cmr10!
l2hSize :tex2html_wrap_inline980:283.72223pt::283.72223pt::349.50003pt.

Overfull \hbox (3.50005pt too wide) in paragraph at lines 179--180
[]|[] 
 []

[1



]
l2hSize :tex2html_wrap_inline989:8.0pt::8.0pt::91.22911pt.
[2


]
l2hSize :tex2html_wrap_inline991:6.83331pt::0.0pt::8.00005pt.
[3


]
l2hSize :tex2html_wrap_indisplay993:9.2175pt::9.2175pt::105.46759pt.
[4


]
l2hSize :tex2html_wrap_inline995:8.0pt::8.0pt::32.91437pt.
[5


]
l2hSize :tex2html_wrap_inline997:6.45831pt::0.0pt::5.2894pt.
[6


]
l2hSize :tex2html_wrap_indisplay1019:8.0pt::8.0pt::11.13889pt.
[7


]
l2hSize :tex2html_wrap_indisplay1020:13.54366pt::13.54366pt::47.32898pt.
[8


]
l2hSize :tex2html_wrap_inline1022:6.83331pt::0.0pt::8.30907pt.
[9


]
l2hSize :tex2html_wrap_inline1024:8.0pt::8.0pt::13.27785pt.
[10


]
l2hSize :tex2html_wrap_indisplay1027:17.91476pt::17.91476pt::115.73999pt.
[11


]
l2hSize :tex2html_wrap_inline1029:6.83331pt::0.0pt::9.625pt.
[12


]
l2hSize :tex2html_wrap_inline1050:8.0pt::8.0pt::26.61116pt.
[13


]
l2hSize :tex2html_wrap_inline1052:7.33331pt::7.33331pt::10.51915pt.
[14


]
l2hSize :tex2html_wrap_inline1054:8.0pt::8.0pt::38.80447pt.
[15


]
l2hSize :tex2html_wrap_inline1056:12.32341pt::12.32341pt::74.57423pt.
[16


]
l2hSize :tex2html_wrap_indisplay1057:8.0pt::8.0pt::26.14424pt.
[17


]
l2hSize :tex2html_wrap_indisplay1058:18.00014pt::18.00014pt::196.82527pt.
[18


]
l2hSize :tex2html_wrap_indisplay1059:18.00014pt::18.00014pt::283.824pt.
[19


]
l2hSize :tex2html_wrap_indisplay1060:15.5418pt::15.5418pt::208.80936pt.
[20


]
l2hSize :tex2html_wrap_indisplay1061:18.00014pt::18.00014pt::208.54845pt.
[21


]
l2hSize :tex2html_wrap_inline1063:8.0pt::8.0pt::20.30354pt.
[22


]
l2hSize :tex2html_wrap_inline1065:12.69508pt::12.69508pt::153.00789pt.
[23


]
l2hSize :tex2html_wrap_indisplay1066:8.0pt::8.0pt::59.28098pt.
[24


]
l2hSize :tex2html_wrap_indisplay1067:18.37654pt::18.37654pt::219.57242pt.
[25


]
l2hSize :tex2html_wrap_indisplay1068:18.00014pt::18.00014pt::231.40025pt.
[26


]
l2hSize :tex2html_wrap_indisplay1069:18.00014pt::18.00014pt::223.34468pt.
[27


]
l2hSize :tex2html_wrap_indisplay1070:18.00014pt::18.00014pt::220.09465pt.
[28


]
l2hSize :tex2html_wrap_inline1078:12.85005pt::12.85005pt::49.01855pt.
[29


]
l2hSize :tex2html_wrap_inline1082:6.45831pt::0.0pt::25.5001pt.
[30


]
File: spread.eps Graphic file (type eps)
<spread.eps>
l2hSize :tex2html_wrap1086:261.74937pt::0.0pt::349.0pt.
[31


]
l2hSize :tex2html_wrap_inline1089:7.33331pt::7.33331pt::11.20491pt.
[32


]
l2hSize :tex2html_wrap_inline1091:8.0pt::8.0pt::21.20494pt.
[33


]
l2hSize :tex2html_wrap_inline1094:8.0pt::8.0pt::18.59726pt.
[34


]
l2hSize :tex2html_wrap_inline1096:10.59998pt::10.59998pt::61.41977pt.
[35


]
l2hSize :tex2html_wrap_inline1100:7.33331pt::7.33331pt::14.07126pt.
[36


]
l2hSize :tex2html_wrap_inline1102:10.59998pt::10.59998pt::93.77734pt.
[37


]
l2hSize :tex2html_wrap_inline1104:8.0pt::8.0pt::16.71185pt.
[38


]
l2hSize :tex2html_wrap_inline1106:7.33331pt::7.33331pt::15.66985pt.
[39


]
l2hSize :tex2html_wrap_indisplay1108:18.09833pt::18.09833pt::91.84702pt.
[40


]
l2hSize :tex2html_wrap_indisplay1110:18.09833pt::18.09833pt::100.1498pt.
[41


]
l2hSize :tex2html_wrap_inline1112:7.44444pt::7.44444pt::9.46964pt.
[42


]
l2hSize :tex2html_wrap_inline1114:8.0pt::8.0pt::61.19507pt.
[43


]
l2hSize :tex2html_wrap_inline1118:8.0pt::8.0pt::88.28485pt.
[44


]
l2hSize :tex2html_wrap_inline1127:8.0pt::8.0pt::117.9458pt.
[45


]
l2hSize :tex2html_wrap_inline1129:6.45831pt::0.0pt::37.44444pt.
[46


]
l2hSize :tex2html_wrap_inline1133:6.45831pt::0.0pt::13.27785pt.
[47


]
l2hSize :tex2html_wrap_inline1137:8.0pt::8.0pt::40.96173pt.
[48


]
l2hSize :tex2html_wrap_inline1139:8.0pt::8.0pt::45.24768pt.
[49


]
l2hSize :tex2html_wrap_inline1141:8.0pt::8.0pt::28.76392pt.
[50


] (./images.aux) ) 
Here is how much of TeX's memory you used:
 3257 strings out of 494171
 43709 string characters out of 6160122
 115901 words of memory out of 5000000
 6617 multiletter control sequences out of 15000+600000
 6266 words of font info for 25 fonts, out of 8000000 for 9000
 443 hyphenation exceptions out of 8191
 31i,6n,35p,906b,201s stack positions out of 5000i,500n,10000p,200000b,80000s

Output written on images.dvi (50 pages, 19928 bytes).
